# JRE version: OpenJDK Runtime Environment Temurin-21.0.6+7 (21.0.6+7) (build 21.0.6+7-LTS)
# Java VM: OpenJDK 64-Bit Server VM Temurin-21.0.6+7 (21.0.6+7-LTS, mixed mode, sharing, tiered, compressed oops, compressed class ptrs, parallel gc, windows-amd64)
GC Precious Log:
 CardTable entry size: 512
 CPUs: 8 total, 8 available
 Memory: 16133M
 Large Page Support: Disabled
 NUMA Support: Disabled
 Compressed Oops: Enabled (32-bit)
 Alignments: Space 512K, Generation 512K, Heap 2M
 Heap Min Capacity: 100M
 Heap Initial Capacity: 100M
 Heap Max Capacity: 1G
 Pre-touch: Disabled
 Parallel Workers: 8
Heap:
 PSYoungGen      total 15360K, used 8683K [0x00000000eab00000, 0x00000000ec080000, 0x0000000100000000)
  eden space 14848K, 56% used [0x00000000eab00000,0x00000000eb332ca0,0x00000000eb980000)
  from space 512K, 56% used [0x00000000eba80000,0x00000000ebac8030,0x00000000ebb00000)
  to   space 2048K, 0% used [0x00000000ebe80000,0x00000000ebe80000,0x00000000ec080000)
 ParOldGen       total 109056K, used 108656K [0x00000000c0000000, 0x00000000c6a80000, 0x00000000eab00000)
  object space 109056K, 99% used [0x00000000c0000000,0x00000000c6a1c0c0,0x00000000c6a80000)
 Metaspace       used 67524K, committed 68992K, reserved 1114112K
  class space    used 6810K, committed 7488K, reserved 1048576K
GC Heap History (20 events):
Event: 202.914 GC heap before
{Heap before GC invocations=99 (full 3):
 PSYoungGen      total 15872K, used 15738K [0x00000000eab00000, 0x00000000ec680000, 0x0000000100000000)
  eden space 14848K, 99% used [0x00000000eab00000,0x00000000eb963e38,0x00000000eb980000)
  from space 1024K, 97% used [0x00000000ebc00000,0x00000000ebcfac88,0x00000000ebd00000)
  to   space 6656K, 0% used [0x00000000ec000000,0x00000000ec000000,0x00000000ec680000)
 ParOldGen       total 90112K, used 89940K [0x00000000c0000000, 0x00000000c5800000, 0x00000000eab00000)
  object space 90112K, 99% used [0x00000000c0000000,0x00000000c57d5040,0x00000000c5800000)
 Metaspace       used 66866K, committed 68288K, reserved 1114112K
  class space    used 6787K, committed 7424K, reserved 1048576K
}
Event: 202.916 GC heap after
{Heap after GC invocations=99 (full 3):
 PSYoungGen      total 16384K, used 1427K [0x00000000eab00000, 0x00000000ec180000, 0x0000000100000000)
  eden space 14848K, 0% used [0x00000000eab00000,0x00000000eab00000,0x00000000eb980000)
  from space 1536K, 92% used [0x00000000ec000000,0x00000000ec164db0,0x00000000ec180000)
  to   space 3072K, 0% used [0x00000000ebb80000,0x00000000ebb80000,0x00000000ebe80000)
 ParOldGen       total 90624K, used 90244K [0x00000000c0000000, 0x00000000c5880000, 0x00000000eab00000)
  object space 90624K, 99% used [0x00000000c0000000,0x00000000c5821070,0x00000000c5880000)
 Metaspace       used 66866K, committed 68288K, reserved 1114112K
  class space    used 6787K, committed 7424K, reserved 1048576K
}
Event: 203.046 GC heap before
{Heap before GC invocations=100 (full 3):
 PSYoungGen      total 16384K, used 16275K [0x00000000eab00000, 0x00000000ec180000, 0x0000000100000000)
  eden space 14848K, 100% used [0x00000000eab00000,0x00000000eb980000,0x00000000eb980000)
  from space 1536K, 92% used [0x00000000ec000000,0x00000000ec164db0,0x00000000ec180000)
  to   space 3072K, 0% used [0x00000000ebb80000,0x00000000ebb80000,0x00000000ebe80000)
 ParOldGen       total 90624K, used 90244K [0x00000000c0000000, 0x00000000c5880000, 0x00000000eab00000)
  object space 90624K, 99% used [0x00000000c0000000,0x00000000c5821070,0x00000000c5880000)
 Metaspace       used 66880K, committed 68352K, reserved 1114112K
  class space    used 6787K, committed 7424K, reserved 1048576K
}
Event: 203.049 GC heap after
{Heap after GC invocations=100 (full 3):
 PSYoungGen      total 17920K, used 3052K [0x00000000eab00000, 0x00000000ec780000, 0x0000000100000000)
  eden space 14848K, 0% used [0x00000000eab00000,0x00000000eab00000,0x00000000eb980000)
  from space 3072K, 99% used [0x00000000ebb80000,0x00000000ebe7b3a8,0x00000000ebe80000)
  to   space 7168K, 0% used [0x00000000ec080000,0x00000000ec080000,0x00000000ec780000)
 ParOldGen       total 93696K, used 93285K [0x00000000c0000000, 0x00000000c5b80000, 0x00000000eab00000)
  object space 93696K, 99% used [0x00000000c0000000,0x00000000c5b196f0,0x00000000c5b80000)
 Metaspace       used 66880K, committed 68352K, reserved 1114112K
  class space    used 6787K, committed 7424K, reserved 1048576K
}
Event: 212.939 GC heap before
{Heap before GC invocations=101 (full 3):
 PSYoungGen      total 17920K, used 17885K [0x00000000eab00000, 0x00000000ec780000, 0x0000000100000000)
  eden space 14848K, 99% used [0x00000000eab00000,0x00000000eb97c190,0x00000000eb980000)
  from space 3072K, 99% used [0x00000000ebb80000,0x00000000ebe7b3a8,0x00000000ebe80000)
  to   space 7168K, 0% used [0x00000000ec080000,0x00000000ec080000,0x00000000ec780000)
 ParOldGen       total 93696K, used 93285K [0x00000000c0000000, 0x00000000c5b80000, 0x00000000eab00000)
  object space 93696K, 99% used [0x00000000c0000000,0x00000000c5b196f0,0x00000000c5b80000)
 Metaspace       used 66971K, committed 68416K, reserved 1114112K
  class space    used 6788K, committed 7424K, reserved 1048576K
}
Event: 212.942 GC heap after
{Heap after GC invocations=101 (full 3):
 PSYoungGen      total 18944K, used 4008K [0x00000000eab00000, 0x00000000ec480000, 0x0000000100000000)
  eden space 14848K, 0% used [0x00000000eab00000,0x00000000eab00000,0x00000000eb980000)
  from space 4096K, 97% used [0x00000000ec080000,0x00000000ec46a000,0x00000000ec480000)
  to   space 5120K, 0% used [0x00000000eba80000,0x00000000eba80000,0x00000000ebf80000)
 ParOldGen       total 94208K, used 94199K [0x00000000c0000000, 0x00000000c5c00000, 0x00000000eab00000)
  object space 94208K, 99% used [0x00000000c0000000,0x00000000c5bfdcd0,0x00000000c5c00000)
 Metaspace       used 66971K, committed 68416K, reserved 1114112K
  class space    used 6788K, committed 7424K, reserved 1048576K
}
Event: 213.324 GC heap before
{Heap before GC invocations=102 (full 3):
 PSYoungGen      total 18944K, used 17167K [0x00000000eab00000, 0x00000000ec480000, 0x0000000100000000)
  eden space 14848K, 88% used [0x00000000eab00000,0x00000000eb7d9e68,0x00000000eb980000)
  from space 4096K, 97% used [0x00000000ec080000,0x00000000ec46a000,0x00000000ec480000)
  to   space 5120K, 0% used [0x00000000eba80000,0x00000000eba80000,0x00000000ebf80000)
 ParOldGen       total 94208K, used 94199K [0x00000000c0000000, 0x00000000c5c00000, 0x00000000eab00000)
  object space 94208K, 99% used [0x00000000c0000000,0x00000000c5bfdcd0,0x00000000c5c00000)
 Metaspace       used 66990K, committed 68480K, reserved 1114112K
  class space    used 6788K, committed 7424K, reserved 1048576K
}
Event: 213.330 GC heap after
{Heap after GC invocations=102 (full 3):
 PSYoungGen      total 19456K, used 4228K [0x00000000eab00000, 0x00000000ec280000, 0x0000000100000000)
  eden space 14848K, 0% used [0x00000000eab00000,0x00000000eab00000,0x00000000eb980000)
  from space 4608K, 91% used [0x00000000eba80000,0x00000000ebea1360,0x00000000ebf00000)
  to   space 3584K, 0% used [0x00000000ebf00000,0x00000000ebf00000,0x00000000ec280000)
 ParOldGen       total 98304K, used 98101K [0x00000000c0000000, 0x00000000c6000000, 0x00000000eab00000)
  object space 98304K, 99% used [0x00000000c0000000,0x00000000c5fcd5f8,0x00000000c6000000)
 Metaspace       used 66990K, committed 68480K, reserved 1114112K
  class space    used 6788K, committed 7424K, reserved 1048576K
}
Event: 214.046 GC heap before
{Heap before GC invocations=103 (full 3):
 PSYoungGen      total 19456K, used 19076K [0x00000000eab00000, 0x00000000ec280000, 0x0000000100000000)
  eden space 14848K, 99% used [0x00000000eab00000,0x00000000eb97ffd0,0x00000000eb980000)
  from space 4608K, 91% used [0x00000000eba80000,0x00000000ebea1360,0x00000000ebf00000)
  to   space 3584K, 0% used [0x00000000ebf00000,0x00000000ebf00000,0x00000000ec280000)
 ParOldGen       total 98304K, used 98101K [0x00000000c0000000, 0x00000000c6000000, 0x00000000eab00000)
  object space 98304K, 99% used [0x00000000c0000000,0x00000000c5fcd5f8,0x00000000c6000000)
 Metaspace       used 67014K, committed 68480K, reserved 1114112K
  class space    used 6789K, committed 7424K, reserved 1048576K
}
Event: 214.047 GC heap after
{Heap after GC invocations=103 (full 3):
 PSYoungGen      total 15872K, used 592K [0x00000000eab00000, 0x00000000ec000000, 0x0000000100000000)
  eden space 14848K, 0% used [0x00000000eab00000,0x00000000eab00000,0x00000000eb980000)
  from space 1024K, 57% used [0x00000000ebf00000,0x00000000ebf94010,0x00000000ec000000)
  to   space 2048K, 0% used [0x00000000ebc00000,0x00000000ebc00000,0x00000000ebe00000)
 ParOldGen       total 98304K, used 98165K [0x00000000c0000000, 0x00000000c6000000, 0x00000000eab00000)
  object space 98304K, 99% used [0x00000000c0000000,0x00000000c5fdd5f8,0x00000000c6000000)
 Metaspace       used 67014K, committed 68480K, reserved 1114112K
  class space    used 6789K, committed 7424K, reserved 1048576K
}
Event: 223.033 GC heap before
{Heap before GC invocations=104 (full 3):
 PSYoungGen      total 15872K, used 15354K [0x00000000eab00000, 0x00000000ec000000, 0x0000000100000000)
  eden space 14848K, 99% used [0x00000000eab00000,0x00000000eb96abc8,0x00000000eb980000)
  from space 1024K, 57% used [0x00000000ebf00000,0x00000000ebf94010,0x00000000ec000000)
  to   space 2048K, 0% used [0x00000000ebc00000,0x00000000ebc00000,0x00000000ebe00000)
 ParOldGen       total 98304K, used 98165K [0x00000000c0000000, 0x00000000c6000000, 0x00000000eab00000)
  object space 98304K, 99% used [0x00000000c0000000,0x00000000c5fdd5f8,0x00000000c6000000)
 Metaspace       used 67077K, committed 68544K, reserved 1114112K
  class space    used 6789K, committed 7424K, reserved 1048576K
}
Event: 223.038 GC heap after
{Heap after GC invocations=104 (full 3):
 PSYoungGen      total 16896K, used 2023K [0x00000000eab00000, 0x00000000eca80000, 0x0000000100000000)
  eden space 14848K, 0% used [0x00000000eab00000,0x00000000eab00000,0x00000000eb980000)
  from space 2048K, 98% used [0x00000000ebc00000,0x00000000ebdf9f60,0x00000000ebe00000)
  to   space 8704K, 0% used [0x00000000ec200000,0x00000000ec200000,0x00000000eca80000)
 ParOldGen       total 103424K, used 103286K [0x00000000c0000000, 0x00000000c6500000, 0x00000000eab00000)
  object space 103424K, 99% used [0x00000000c0000000,0x00000000c64dd8d8,0x00000000c6500000)
 Metaspace       used 67077K, committed 68544K, reserved 1114112K
  class space    used 6789K, committed 7424K, reserved 1048576K
}
Event: 223.113 GC heap before
{Heap before GC invocations=105 (full 3):
 PSYoungGen      total 16896K, used 16871K [0x00000000eab00000, 0x00000000eca80000, 0x0000000100000000)
  eden space 14848K, 100% used [0x00000000eab00000,0x00000000eb980000,0x00000000eb980000)
  from space 2048K, 98% used [0x00000000ebc00000,0x00000000ebdf9f60,0x00000000ebe00000)
  to   space 8704K, 0% used [0x00000000ec200000,0x00000000ec200000,0x00000000eca80000)
 ParOldGen       total 103424K, used 103286K [0x00000000c0000000, 0x00000000c6500000, 0x00000000eab00000)
  object space 103424K, 99% used [0x00000000c0000000,0x00000000c64dd8d8,0x00000000c6500000)
 Metaspace       used 67084K, committed 68544K, reserved 1114112K
  class space    used 6789K, committed 7424K, reserved 1048576K
}
Event: 223.116 GC heap after
{Heap after GC invocations=105 (full 3):
 PSYoungGen      total 23552K, used 7915K [0x00000000eab00000, 0x00000000eca80000, 0x0000000100000000)
  eden space 14848K, 0% used [0x00000000eab00000,0x00000000eab00000,0x00000000eb980000)
  from space 8704K, 90% used [0x00000000ec200000,0x00000000ec9bad78,0x00000000eca80000)
  to   space 8704K, 0% used [0x00000000eb980000,0x00000000eb980000,0x00000000ec200000)
 ParOldGen       total 104960K, used 104900K [0x00000000c0000000, 0x00000000c6680000, 0x00000000eab00000)
  object space 104960K, 99% used [0x00000000c0000000,0x00000000c6671170,0x00000000c6680000)
 Metaspace       used 67084K, committed 68544K, reserved 1114112K
  class space    used 6789K, committed 7424K, reserved 1048576K
}
Event: 234.886 GC heap before
{Heap before GC invocations=106 (full 3):
 PSYoungGen      total 23552K, used 22763K [0x00000000eab00000, 0x00000000eca80000, 0x0000000100000000)
  eden space 14848K, 100% used [0x00000000eab00000,0x00000000eb980000,0x00000000eb980000)
  from space 8704K, 90% used [0x00000000ec200000,0x00000000ec9bad78,0x00000000eca80000)
  to   space 8704K, 0% used [0x00000000eb980000,0x00000000eb980000,0x00000000ec200000)
 ParOldGen       total 104960K, used 104900K [0x00000000c0000000, 0x00000000c6680000, 0x00000000eab00000)
  object space 104960K, 99% used [0x00000000c0000000,0x00000000c6671170,0x00000000c6680000)
 Metaspace       used 67157K, committed 68608K, reserved 1114112K
  class space    used 6789K, committed 7424K, reserved 1048576K
}
Event: 234.891 GC heap after
{Heap after GC invocations=106 (full 3):
 PSYoungGen      total 20480K, used 5190K [0x00000000eab00000, 0x00000000ec680000, 0x0000000100000000)
  eden space 14848K, 0% used [0x00000000eab00000,0x00000000eab00000,0x00000000eb980000)
  from space 5632K, 92% used [0x00000000eb980000,0x00000000ebe91b60,0x00000000ebf00000)
  to   space 6656K, 0% used [0x00000000ec000000,0x00000000ec000000,0x00000000ec680000)
 ParOldGen       total 108544K, used 108463K [0x00000000c0000000, 0x00000000c6a00000, 0x00000000eab00000)
  object space 108544K, 99% used [0x00000000c0000000,0x00000000c69ebcf0,0x00000000c6a00000)
 Metaspace       used 67157K, committed 68608K, reserved 1114112K
  class space    used 6789K, committed 7424K, reserved 1048576K
}
Event: 234.975 GC heap before
{Heap before GC invocations=107 (full 3):
 PSYoungGen      total 20480K, used 20038K [0x00000000eab00000, 0x00000000ec680000, 0x0000000100000000)
  eden space 14848K, 100% used [0x00000000eab00000,0x00000000eb980000,0x00000000eb980000)
  from space 5632K, 92% used [0x00000000eb980000,0x00000000ebe91b60,0x00000000ebf00000)
  to   space 6656K, 0% used [0x00000000ec000000,0x00000000ec000000,0x00000000ec680000)
 ParOldGen       total 108544K, used 108463K [0x00000000c0000000, 0x00000000c6a00000, 0x00000000eab00000)
  object space 108544K, 99% used [0x00000000c0000000,0x00000000c69ebcf0,0x00000000c6a00000)
 Metaspace       used 67180K, committed 68608K, reserved 1114112K
  class space    used 6789K, committed 7424K, reserved 1048576K
}
Event: 234.977 GC heap after
{Heap after GC invocations=107 (full 3):
 PSYoungGen      total 19456K, used 4304K [0x00000000eab00000, 0x00000000ec480000, 0x0000000100000000)
  eden space 14848K, 0% used [0x00000000eab00000,0x00000000eab00000,0x00000000eb980000)
  from space 4608K, 93% used [0x00000000ec000000,0x00000000ec434178,0x00000000ec480000)
  to   space 5120K, 0% used [0x00000000eba80000,0x00000000eba80000,0x00000000ebf80000)
 ParOldGen       total 109056K, used 108584K [0x00000000c0000000, 0x00000000c6a80000, 0x00000000eab00000)
  object space 109056K, 99% used [0x00000000c0000000,0x00000000c6a0a0c0,0x00000000c6a80000)
 Metaspace       used 67180K, committed 68608K, reserved 1114112K
  class space    used 6789K, committed 7424K, reserved 1048576K
}
Event: 260.661 GC heap before
{Heap before GC invocations=108 (full 3):
 PSYoungGen      total 19456K, used 19145K [0x00000000eab00000, 0x00000000ec480000, 0x0000000100000000)
  eden space 14848K, 99% used [0x00000000eab00000,0x00000000eb97e570,0x00000000eb980000)
  from space 4608K, 93% used [0x00000000ec000000,0x00000000ec434178,0x00000000ec480000)
  to   space 5120K, 0% used [0x00000000eba80000,0x00000000eba80000,0x00000000ebf80000)
 ParOldGen       total 109056K, used 108584K [0x00000000c0000000, 0x00000000c6a80000, 0x00000000eab00000)
  object space 109056K, 99% used [0x00000000c0000000,0x00000000c6a0a0c0,0x00000000c6a80000)
 Metaspace       used 67290K, committed 68736K, reserved 1114112K
  class space    used 6789K, committed 7424K, reserved 1048576K
}
Event: 260.662 GC heap after
{Heap after GC invocations=108 (full 3):
 PSYoungGen      total 15360K, used 288K [0x00000000eab00000, 0x00000000ec080000, 0x0000000100000000)
  eden space 14848K, 0% used [0x00000000eab00000,0x00000000eab00000,0x00000000eb980000)
  from space 512K, 56% used [0x00000000eba80000,0x00000000ebac8030,0x00000000ebb00000)
  to   space 2048K, 0% used [0x00000000ebe80000,0x00000000ebe80000,0x00000000ec080000)
 ParOldGen       total 109056K, used 108656K [0x00000000c0000000, 0x00000000c6a80000, 0x00000000eab00000)
  object space 109056K, 99% used [0x00000000c0000000,0x00000000c6a1c0c0,0x00000000c6a80000)
 Metaspace       used 67290K, committed 68736K, reserved 1114112K
  class space    used 6789K, committed 7424K, reserved 1048576K
}

