# JRE version: OpenJDK Runtime Environment Temurin-21.0.6+7 (21.0.6+7) (build 21.0.6+7-LTS)
# Java VM: OpenJDK 64-Bit Server VM Temurin-21.0.6+7 (21.0.6+7-LTS, mixed mode, sharing, tiered, compressed oops, compressed class ptrs, parallel gc, windows-amd64)
GC Precious Log:
 CardTable entry size: 512
 CPUs: 8 total, 8 available
 Memory: 16133M
 Large Page Support: Disabled
 NUMA Support: Disabled
 Compressed Oops: Enabled (32-bit)
 Alignments: Space 512K, Generation 512K, Heap 2M
 Heap Min Capacity: 100M
 Heap Initial Capacity: 100M
 Heap Max Capacity: 1G
 Pre-touch: Disabled
 Parallel Workers: 8
Heap:
 PSYoungGen      total 17920K, used 15874K [0x00000000eab00000, 0x00000000ec400000, 0x0000000100000000)
  eden space 16384K, 87% used [0x00000000eab00000,0x00000000eb900900,0x00000000ebb00000)
  from space 1536K, 100% used [0x00000000ebb00000,0x00000000ebc80000,0x00000000ebc80000)
  to   space 4608K, 0% used [0x00000000ebf80000,0x00000000ebf80000,0x00000000ec400000)
 ParOldGen       total 68608K, used 35216K [0x00000000c0000000, 0x00000000c4300000, 0x00000000eab00000)
  object space 68608K, 51% used [0x00000000c0000000,0x00000000c22642f0,0x00000000c4300000)
 Metaspace       used 48971K, committed 50112K, reserved 1114112K
  class space    used 5123K, committed 5632K, reserved 1048576K
GC Heap History (20 events):
Event: 10.874 GC heap before
{Heap before GC invocations=20 (full 2):
 PSYoungGen      total 23552K, used 23520K [0x00000000eab00000, 0x00000000ec480000, 0x0000000100000000)
  eden space 22016K, 100% used [0x00000000eab00000,0x00000000ec080000,0x00000000ec080000)
  from space 1536K, 97% used [0x00000000ec080000,0x00000000ec1f8000,0x00000000ec200000)
  to   space 2048K, 0% used [0x00000000ec280000,0x00000000ec280000,0x00000000ec480000)
 ParOldGen       total 68608K, used 20509K [0x00000000c0000000, 0x00000000c4300000, 0x00000000eab00000)
  object space 68608K, 29% used [0x00000000c0000000,0x00000000c1407698,0x00000000c4300000)
 Metaspace       used 45483K, committed 46656K, reserved 1114112K
  class space    used 4812K, committed 5312K, reserved 1048576K
}
Event: 10.878 GC heap after
{Heap after GC invocations=20 (full 2):
 PSYoungGen      total 18432K, used 2038K [0x00000000eab00000, 0x00000000ecf80000, 0x0000000100000000)
  eden space 16384K, 0% used [0x00000000eab00000,0x00000000eab00000,0x00000000ebb00000)
  from space 2048K, 99% used [0x00000000ec280000,0x00000000ec47dbe0,0x00000000ec480000)
  to   space 7680K, 0% used [0x00000000ebb00000,0x00000000ebb00000,0x00000000ec280000)
 ParOldGen       total 68608K, used 24828K [0x00000000c0000000, 0x00000000c4300000, 0x00000000eab00000)
  object space 68608K, 36% used [0x00000000c0000000,0x00000000c183f080,0x00000000c4300000)
 Metaspace       used 45483K, committed 46656K, reserved 1114112K
  class space    used 4812K, committed 5312K, reserved 1048576K
}
Event: 12.647 GC heap before
{Heap before GC invocations=21 (full 2):
 PSYoungGen      total 18432K, used 18422K [0x00000000eab00000, 0x00000000ecf80000, 0x0000000100000000)
  eden space 16384K, 100% used [0x00000000eab00000,0x00000000ebb00000,0x00000000ebb00000)
  from space 2048K, 99% used [0x00000000ec280000,0x00000000ec47dbe0,0x00000000ec480000)
  to   space 7680K, 0% used [0x00000000ebb00000,0x00000000ebb00000,0x00000000ec280000)
 ParOldGen       total 68608K, used 24828K [0x00000000c0000000, 0x00000000c4300000, 0x00000000eab00000)
  object space 68608K, 36% used [0x00000000c0000000,0x00000000c183f080,0x00000000c4300000)
 Metaspace       used 45992K, committed 47104K, reserved 1114112K
  class space    used 4845K, committed 5312K, reserved 1048576K
}
Event: 12.650 GC heap after
{Heap after GC invocations=21 (full 2):
 PSYoungGen      total 16896K, used 487K [0x00000000eab00000, 0x00000000ec300000, 0x0000000100000000)
  eden space 16384K, 0% used [0x00000000eab00000,0x00000000eab00000,0x00000000ebb00000)
  from space 512K, 95% used [0x00000000ebb00000,0x00000000ebb79db0,0x00000000ebb80000)
  to   space 3072K, 0% used [0x00000000ec000000,0x00000000ec000000,0x00000000ec300000)
 ParOldGen       total 68608K, used 26786K [0x00000000c0000000, 0x00000000c4300000, 0x00000000eab00000)
  object space 68608K, 39% used [0x00000000c0000000,0x00000000c1a28948,0x00000000c4300000)
 Metaspace       used 45992K, committed 47104K, reserved 1114112K
  class space    used 4845K, committed 5312K, reserved 1048576K
}
Event: 12.821 GC heap before
{Heap before GC invocations=22 (full 2):
 PSYoungGen      total 16896K, used 16871K [0x00000000eab00000, 0x00000000ec300000, 0x0000000100000000)
  eden space 16384K, 100% used [0x00000000eab00000,0x00000000ebb00000,0x00000000ebb00000)
  from space 512K, 95% used [0x00000000ebb00000,0x00000000ebb79db0,0x00000000ebb80000)
  to   space 3072K, 0% used [0x00000000ec000000,0x00000000ec000000,0x00000000ec300000)
 ParOldGen       total 68608K, used 26786K [0x00000000c0000000, 0x00000000c4300000, 0x00000000eab00000)
  object space 68608K, 39% used [0x00000000c0000000,0x00000000c1a28948,0x00000000c4300000)
 Metaspace       used 46202K, committed 47296K, reserved 1114112K
  class space    used 4871K, committed 5312K, reserved 1048576K
}
Event: 12.823 GC heap after
{Heap after GC invocations=22 (full 2):
 PSYoungGen      total 19456K, used 2673K [0x00000000eab00000, 0x00000000ec300000, 0x0000000100000000)
  eden space 16384K, 0% used [0x00000000eab00000,0x00000000eab00000,0x00000000ebb00000)
  from space 3072K, 87% used [0x00000000ec000000,0x00000000ec29c628,0x00000000ec300000)
  to   space 3584K, 0% used [0x00000000ebc00000,0x00000000ebc00000,0x00000000ebf80000)
 ParOldGen       total 68608K, used 27010K [0x00000000c0000000, 0x00000000c4300000, 0x00000000eab00000)
  object space 68608K, 39% used [0x00000000c0000000,0x00000000c1a60968,0x00000000c4300000)
 Metaspace       used 46202K, committed 47296K, reserved 1114112K
  class space    used 4871K, committed 5312K, reserved 1048576K
}
Event: 12.916 GC heap before
{Heap before GC invocations=23 (full 2):
 PSYoungGen      total 19456K, used 19057K [0x00000000eab00000, 0x00000000ec300000, 0x0000000100000000)
  eden space 16384K, 100% used [0x00000000eab00000,0x00000000ebb00000,0x00000000ebb00000)
  from space 3072K, 87% used [0x00000000ec000000,0x00000000ec29c628,0x00000000ec300000)
  to   space 3584K, 0% used [0x00000000ebc00000,0x00000000ebc00000,0x00000000ebf80000)
 ParOldGen       total 68608K, used 27010K [0x00000000c0000000, 0x00000000c4300000, 0x00000000eab00000)
  object space 68608K, 39% used [0x00000000c0000000,0x00000000c1a60968,0x00000000c4300000)
 Metaspace       used 46208K, committed 47296K, reserved 1114112K
  class space    used 4871K, committed 5312K, reserved 1048576K
}
Event: 12.920 GC heap after
{Heap after GC invocations=23 (full 2):
 PSYoungGen      total 17408K, used 544K [0x00000000eab00000, 0x00000000ec080000, 0x0000000100000000)
  eden space 16384K, 0% used [0x00000000eab00000,0x00000000eab00000,0x00000000ebb00000)
  from space 1024K, 53% used [0x00000000ebc00000,0x00000000ebc88000,0x00000000ebd00000)
  to   space 1536K, 0% used [0x00000000ebf00000,0x00000000ebf00000,0x00000000ec080000)
 ParOldGen       total 68608K, used 29586K [0x00000000c0000000, 0x00000000c4300000, 0x00000000eab00000)
  object space 68608K, 43% used [0x00000000c0000000,0x00000000c1ce4810,0x00000000c4300000)
 Metaspace       used 46208K, committed 47296K, reserved 1114112K
  class space    used 4871K, committed 5312K, reserved 1048576K
}
Event: 12.993 GC heap before
{Heap before GC invocations=24 (full 2):
 PSYoungGen      total 17408K, used 16928K [0x00000000eab00000, 0x00000000ec080000, 0x0000000100000000)
  eden space 16384K, 100% used [0x00000000eab00000,0x00000000ebb00000,0x00000000ebb00000)
  from space 1024K, 53% used [0x00000000ebc00000,0x00000000ebc88000,0x00000000ebd00000)
  to   space 1536K, 0% used [0x00000000ebf00000,0x00000000ebf00000,0x00000000ec080000)
 ParOldGen       total 68608K, used 29586K [0x00000000c0000000, 0x00000000c4300000, 0x00000000eab00000)
  object space 68608K, 43% used [0x00000000c0000000,0x00000000c1ce4810,0x00000000c4300000)
 Metaspace       used 46208K, committed 47296K, reserved 1114112K
  class space    used 4871K, committed 5312K, reserved 1048576K
}
Event: 12.994 GC heap after
{Heap after GC invocations=24 (full 2):
 PSYoungGen      total 16896K, used 480K [0x00000000eab00000, 0x00000000ebf80000, 0x0000000100000000)
  eden space 16384K, 0% used [0x00000000eab00000,0x00000000eab00000,0x00000000ebb00000)
  from space 512K, 93% used [0x00000000ebf00000,0x00000000ebf78000,0x00000000ebf80000)
  to   space 1024K, 0% used [0x00000000ebd80000,0x00000000ebd80000,0x00000000ebe80000)
 ParOldGen       total 68608K, used 30050K [0x00000000c0000000, 0x00000000c4300000, 0x00000000eab00000)
  object space 68608K, 43% used [0x00000000c0000000,0x00000000c1d58810,0x00000000c4300000)
 Metaspace       used 46208K, committed 47296K, reserved 1114112K
  class space    used 4871K, committed 5312K, reserved 1048576K
}
Event: 13.064 GC heap before
{Heap before GC invocations=25 (full 2):
 PSYoungGen      total 16896K, used 16864K [0x00000000eab00000, 0x00000000ebf80000, 0x0000000100000000)
  eden space 16384K, 100% used [0x00000000eab00000,0x00000000ebb00000,0x00000000ebb00000)
  from space 512K, 93% used [0x00000000ebf00000,0x00000000ebf78000,0x00000000ebf80000)
  to   space 1024K, 0% used [0x00000000ebd80000,0x00000000ebd80000,0x00000000ebe80000)
 ParOldGen       total 68608K, used 30050K [0x00000000c0000000, 0x00000000c4300000, 0x00000000eab00000)
  object space 68608K, 43% used [0x00000000c0000000,0x00000000c1d58810,0x00000000c4300000)
 Metaspace       used 46208K, committed 47296K, reserved 1114112K
  class space    used 4871K, committed 5312K, reserved 1048576K
}
Event: 13.066 GC heap after
{Heap after GC invocations=25 (full 2):
 PSYoungGen      total 17408K, used 544K [0x00000000eab00000, 0x00000000ebf80000, 0x0000000100000000)
  eden space 16384K, 0% used [0x00000000eab00000,0x00000000eab00000,0x00000000ebb00000)
  from space 1024K, 53% used [0x00000000ebd80000,0x00000000ebe08000,0x00000000ebe80000)
  to   space 1024K, 0% used [0x00000000ebe80000,0x00000000ebe80000,0x00000000ebf80000)
 ParOldGen       total 68608K, used 30498K [0x00000000c0000000, 0x00000000c4300000, 0x00000000eab00000)
  object space 68608K, 44% used [0x00000000c0000000,0x00000000c1dc8810,0x00000000c4300000)
 Metaspace       used 46208K, committed 47296K, reserved 1114112K
  class space    used 4871K, committed 5312K, reserved 1048576K
}
Event: 13.246 GC heap before
{Heap before GC invocations=26 (full 2):
 PSYoungGen      total 17408K, used 16928K [0x00000000eab00000, 0x00000000ebf80000, 0x0000000100000000)
  eden space 16384K, 100% used [0x00000000eab00000,0x00000000ebb00000,0x00000000ebb00000)
  from space 1024K, 53% used [0x00000000ebd80000,0x00000000ebe08000,0x00000000ebe80000)
  to   space 1024K, 0% used [0x00000000ebe80000,0x00000000ebe80000,0x00000000ebf80000)
 ParOldGen       total 68608K, used 30498K [0x00000000c0000000, 0x00000000c4300000, 0x00000000eab00000)
  object space 68608K, 44% used [0x00000000c0000000,0x00000000c1dc8810,0x00000000c4300000)
 Metaspace       used 46305K, committed 47488K, reserved 1114112K
  class space    used 4873K, committed 5376K, reserved 1048576K
}
Event: 13.250 GC heap after
{Heap after GC invocations=26 (full 2):
 PSYoungGen      total 17408K, used 996K [0x00000000eab00000, 0x00000000ec000000, 0x0000000100000000)
  eden space 16384K, 0% used [0x00000000eab00000,0x00000000eab00000,0x00000000ebb00000)
  from space 1024K, 97% used [0x00000000ebe80000,0x00000000ebf79000,0x00000000ebf80000)
  to   space 2560K, 0% used [0x00000000ebb00000,0x00000000ebb00000,0x00000000ebd80000)
 ParOldGen       total 68608K, used 31559K [0x00000000c0000000, 0x00000000c4300000, 0x00000000eab00000)
  object space 68608K, 45% used [0x00000000c0000000,0x00000000c1ed1d78,0x00000000c4300000)
 Metaspace       used 46305K, committed 47488K, reserved 1114112K
  class space    used 4873K, committed 5376K, reserved 1048576K
}
Event: 13.394 GC heap before
{Heap before GC invocations=27 (full 2):
 PSYoungGen      total 17408K, used 17380K [0x00000000eab00000, 0x00000000ec000000, 0x0000000100000000)
  eden space 16384K, 100% used [0x00000000eab00000,0x00000000ebb00000,0x00000000ebb00000)
  from space 1024K, 97% used [0x00000000ebe80000,0x00000000ebf79000,0x00000000ebf80000)
  to   space 2560K, 0% used [0x00000000ebb00000,0x00000000ebb00000,0x00000000ebd80000)
 ParOldGen       total 68608K, used 31559K [0x00000000c0000000, 0x00000000c4300000, 0x00000000eab00000)
  object space 68608K, 45% used [0x00000000c0000000,0x00000000c1ed1d78,0x00000000c4300000)
 Metaspace       used 46306K, committed 47488K, reserved 1114112K
  class space    used 4873K, committed 5376K, reserved 1048576K
}
Event: 13.397 GC heap after
{Heap after GC invocations=27 (full 2):
 PSYoungGen      total 17920K, used 1372K [0x00000000eab00000, 0x00000000ebf00000, 0x0000000100000000)
  eden space 16384K, 0% used [0x00000000eab00000,0x00000000eab00000,0x00000000ebb00000)
  from space 1536K, 89% used [0x00000000ebb00000,0x00000000ebc57090,0x00000000ebc80000)
  to   space 2048K, 0% used [0x00000000ebd00000,0x00000000ebd00000,0x00000000ebf00000)
 ParOldGen       total 68608K, used 32563K [0x00000000c0000000, 0x00000000c4300000, 0x00000000eab00000)
  object space 68608K, 47% used [0x00000000c0000000,0x00000000c1fccc58,0x00000000c4300000)
 Metaspace       used 46306K, committed 47488K, reserved 1114112K
  class space    used 4873K, committed 5376K, reserved 1048576K
}
Event: 13.503 GC heap before
{Heap before GC invocations=28 (full 2):
 PSYoungGen      total 17920K, used 17756K [0x00000000eab00000, 0x00000000ebf00000, 0x0000000100000000)
  eden space 16384K, 100% used [0x00000000eab00000,0x00000000ebb00000,0x00000000ebb00000)
  from space 1536K, 89% used [0x00000000ebb00000,0x00000000ebc57090,0x00000000ebc80000)
  to   space 2048K, 0% used [0x00000000ebd00000,0x00000000ebd00000,0x00000000ebf00000)
 ParOldGen       total 68608K, used 32563K [0x00000000c0000000, 0x00000000c4300000, 0x00000000eab00000)
  object space 68608K, 47% used [0x00000000c0000000,0x00000000c1fccc58,0x00000000c4300000)
 Metaspace       used 46306K, committed 47488K, reserved 1114112K
  class space    used 4873K, committed 5376K, reserved 1048576K
}
Event: 13.506 GC heap after
{Heap after GC invocations=28 (full 2):
 PSYoungGen      total 17920K, used 1071K [0x00000000eab00000, 0x00000000ebe80000, 0x0000000100000000)
  eden space 16384K, 0% used [0x00000000eab00000,0x00000000eab00000,0x00000000ebb00000)
  from space 1536K, 69% used [0x00000000ebd00000,0x00000000ebe0bc00,0x00000000ebe80000)
  to   space 1536K, 0% used [0x00000000ebb00000,0x00000000ebb00000,0x00000000ebc80000)
 ParOldGen       total 68608K, used 33000K [0x00000000c0000000, 0x00000000c4300000, 0x00000000eab00000)
  object space 68608K, 48% used [0x00000000c0000000,0x00000000c203a0a8,0x00000000c4300000)
 Metaspace       used 46306K, committed 47488K, reserved 1114112K
  class space    used 4873K, committed 5376K, reserved 1048576K
}
Event: 13.923 GC heap before
{Heap before GC invocations=29 (full 2):
 PSYoungGen      total 17920K, used 17455K [0x00000000eab00000, 0x00000000ebe80000, 0x0000000100000000)
  eden space 16384K, 100% used [0x00000000eab00000,0x00000000ebb00000,0x00000000ebb00000)
  from space 1536K, 69% used [0x00000000ebd00000,0x00000000ebe0bc00,0x00000000ebe80000)
  to   space 1536K, 0% used [0x00000000ebb00000,0x00000000ebb00000,0x00000000ebc80000)
 ParOldGen       total 68608K, used 33000K [0x00000000c0000000, 0x00000000c4300000, 0x00000000eab00000)
  object space 68608K, 48% used [0x00000000c0000000,0x00000000c203a0a8,0x00000000c4300000)
 Metaspace       used 47197K, committed 48320K, reserved 1114112K
  class space    used 4942K, committed 5440K, reserved 1048576K
}
Event: 13.927 GC heap after
{Heap after GC invocations=29 (full 2):
 PSYoungGen      total 17920K, used 1536K [0x00000000eab00000, 0x00000000ec400000, 0x0000000100000000)
  eden space 16384K, 0% used [0x00000000eab00000,0x00000000eab00000,0x00000000ebb00000)
  from space 1536K, 100% used [0x00000000ebb00000,0x00000000ebc80000,0x00000000ebc80000)
  to   space 4608K, 0% used [0x00000000ebf80000,0x00000000ebf80000,0x00000000ec400000)
 ParOldGen       total 68608K, used 35216K [0x00000000c0000000, 0x00000000c4300000, 0x00000000eab00000)
  object space 68608K, 51% used [0x00000000c0000000,0x00000000c22642f0,0x00000000c4300000)
 Metaspace       used 47197K, committed 48320K, reserved 1114112K
  class space    used 4942K, committed 5440K, reserved 1048576K
}

